<?xml version="1.0" encoding="UTF-8"?>
<testsuite name="programmers.baemin.MoneyBoxTest" tests="1" skipped="0" failures="0" errors="0" timestamp="2023-05-07T15:47:06" hostname="iyunaui-MacBookPro-2.local" time="0.015">
  <properties/>
  <testcase name="test()" classname="programmers.baemin.MoneyBoxTest" time="0.015"/>
  <system-out><![CDATA[]]></system-out>
  <system-err><![CDATA[]]></system-err>
</testsuite>
